 
labeling ...
interpolating ...

cast # 1    location  187.3170  -41.6667

labels
     1.0    26.6572     0.0013     0.0013
    48.0    26.6828     0.0011     0.0011
    97.0    26.7110     0.0008     0.0008
   145.0    26.7232     0.0006     0.0006
   194.0    26.7415     0.0006     0.0006
   291.0    26.8255     0.0005     0.0005
   388.0    26.9187     0.0005     0.0005
   485.0    26.9898     0.0005     0.0005
   581.0    27.0391     0.0005     0.0005
   678.0    27.0892     0.0005     0.0005
   775.0    27.1666     0.0005     0.0005
   872.0    27.2604     0.0005     0.0005
   969.0    27.3436     0.0005     0.0005
  1066.0    27.4216     0.0005     0.0005
  1260.0    27.5573     0.0005     0.0005
  1454.0    27.6982     0.0005     0.0005
  1647.0    27.7984     0.0005     0.0005
  1841.0    27.8663     0.0005     0.0005
  2020.0    27.9202     0.0005     0.0005
  2216.0    27.9592     0.0005     0.0005
  2413.0    27.9978     0.0005     0.0005
  2611.0    28.0316     0.0005     0.0005
  2878.0    28.0800     0.0005     0.0005
  3000.0    28.1174     0.0005     0.0005
     NaN        NaN        NaN        NaN
     NaN        NaN        NaN        NaN
     NaN        NaN        NaN        NaN
     NaN        NaN        NaN        NaN
     NaN        NaN        NaN        NaN
     NaN        NaN        NaN        NaN
     NaN        NaN        NaN        NaN
     NaN        NaN        NaN        NaN
     NaN        NaN        NaN        NaN
     NaN        NaN        NaN        NaN
     NaN        NaN        NaN        NaN
     NaN        NaN        NaN        NaN
     NaN        NaN        NaN        NaN

surfaces
  26.800    34.9064    10.9066     260.10   0.00
  27.900    34.6308     2.3003    1953.16   0.00
  28.000    34.6864     1.8872    2425.67   0.00
  28.100    34.7248     1.4606    2943.49   0.00
  28.197   -99.0000   -99.0000     -99.00   0.00


cast # 2    location  185.7667  -35.2000

labels
     1.0    26.2574     0.0007     0.0007
    49.0    26.3535     0.0006     0.0006
    98.0    26.4895     0.0005     0.0005
   146.0    26.5729     0.0005     0.0005
   195.0    26.6316     0.0005     0.0005
   293.0    26.7391     0.0005     0.0005
   391.0    26.8634     0.0005     0.0005
   489.0    26.9551     0.0005     0.0005
   587.0    27.0254     0.0005     0.0005
   685.0    27.0913     0.0005     0.0005
   783.0    27.1587     0.0005     0.0005
   882.0    27.2512     0.0005     0.0005
   980.0    27.3162     0.0005     0.0005
  1079.0    27.4091     0.0005     0.0005
  1276.0    27.5686     0.0005     0.0005
  1573.0    27.7585     0.0005     0.0005
  1871.0    27.8447     0.0005     0.0005
  2169.0    27.8996     0.0005     0.0005
  2516.0    27.9465     0.0005     0.0005
     NaN        NaN        NaN        NaN
     NaN        NaN        NaN        NaN
  3398.0    28.0764     0.0005     0.0005
  3596.0    28.1045     0.0005     0.0005
  3793.0    28.1322     0.0005     0.0005
  4090.0    28.1630     0.0005     0.0005
  4387.0    28.1823     0.0005     0.0005
  4686.0    28.1904     0.0005     0.0005
  4985.0    28.1924     0.0005     0.0005
  5285.0    28.1969     0.0005     0.0005
  5586.0    28.2000     0.0008     0.0005
     NaN        NaN        NaN        NaN
     NaN        NaN        NaN        NaN
     NaN        NaN        NaN        NaN
     NaN        NaN        NaN        NaN
     NaN        NaN        NaN        NaN
     NaN        NaN        NaN        NaN
     NaN        NaN        NaN        NaN

surfaces
  26.800    34.9296    11.0064     339.40   0.00
  27.900    34.6242     2.2784    2171.62   0.00
  28.000    34.6743     1.8765    2885.71   0.00
  28.100    34.7175     1.4915    3564.44   0.00
  28.197    34.7030     1.0756    5290.99   0.00


cast # 3    location  186.8833  -28.1833

labels
     0.0    25.6902     0.0005     0.0005
    93.0    25.6821     0.0005     0.0005
   116.0    25.7021     0.0005     0.0005
   140.0    25.9845     0.0005     0.0005
   163.0    26.1065     0.0005     0.0005
   186.0    26.1781     0.0005     0.0005
   232.0    26.3255     0.0005     0.0005
   278.0    26.4643     0.0005     0.0005
   371.0    26.6186     0.0005     0.0005
   464.0    26.7915     0.0005     0.0005
   557.0    26.9461     0.0005     0.0005
   651.0    27.0386     0.0005     0.0005
   743.0    27.1142     0.0005     0.0005
   837.0    27.1829     0.0005     0.0005
   932.0    27.2644     0.0005     0.0005
  1028.0    27.3612     0.0005     0.0005
  1126.0    27.4617     0.0005     0.0005
  1324.0    27.6358     0.0005     0.0005
  1386.0    27.6946     0.0005     0.0005
  1619.0    27.8047     0.0005     0.0005
  1851.0    27.8668     0.0005     0.0005
  2085.0    27.9106     0.0005     0.0005
  2318.0    27.9460     0.0005     0.0005
  2552.0    27.9742     0.0005     0.0005
  2813.0    28.0086     0.0005     0.0005
  3075.0    28.0441     0.0005     0.0005
  3312.0    28.0806     0.0005     0.0005
  3549.0    28.1213     0.0005     0.0005
  3735.0    28.1400     0.0005     0.0005
  3882.0    28.1575     0.0005     0.0005
  4073.0    28.1764     0.0005     0.0005
  4266.0    28.1854     0.0005     0.0005
  4460.0    28.1934     0.0005     0.0005
  4655.0    28.1996     0.0005     0.0005
  4802.0    28.1979     0.0005     0.0005
  4902.0    28.1963     0.0005     0.0005
  5001.0    28.1987     0.0005     0.0005

surfaces
  26.800    34.8839    10.8289     468.66   0.00
  27.900    34.6285     2.2856    2028.86   0.00
  28.000    34.6728     1.8522    2748.20   0.00
  28.100    34.7218     1.5037    3425.58   0.00
  28.197    34.7073     1.0400    4856.75 282.37
